Removed Pin From Net: NetName=3.3V Pin=P2-1
Removed Pin From Net: NetName=PB7_I2C1_SDA Pin=P2-2
Removed Pin From Net: NetName=PB6_I2C1_SCL Pin=P2-3
Added Pin To Net: NetName=PB6_I2C1_SCL Pin=P2-2
Added Pin To Net: NetName=PB7_I2C1_SDA Pin=P2-3
Added Pin To Net: NetName=3.3V Pin=P2-4
Added Pin To Net: NetName=CLK-DIS Pin=U3-27
Added Net: Name=CLK-DIS
Added Pin To Net: NetName=CS-DIS Pin=U3-26
Added Net: Name=CS-DIS
Added Pin To Net: NetName=DAT-DIS Pin=U3-28
Added Net: Name=DAT-DIS
Added Pin To Net: NetName=NetP2_1 Pin=P2-1
Added Pin To Net: NetName=NetP2_1 Pin=Q1-1
Added Pin To Net: NetName=NetP2_1 Pin=R29-1
Added Net: Name=NetP2_1
Added Pin To Net: NetName=PC6 Pin=U3-37
Added Net: Name=PC6
Added Pin To Net: NetName=PC7 Pin=U3-38
Added Net: Name=PC7
Added Pin To Net: NetName=PC8 Pin=U3-39
Added Net: Name=PC8
Added Pin To Net: NetName=PC9 Pin=U3-40
Added Net: Name=PC9
Added Room: Name=NTP_Clock_stm32f107
