Removed Pin From Net: NetName=GND Pin=C28-1
Removed Pin From Net: NetName=3.3V Pin=C28-2
Removed Pin From Net: NetName=GND Pin=C29-1
Removed Pin From Net: NetName=3.3V Pin=C29-2
Removed Pin From Net: NetName=GND Pin=P1-1
Removed Pin From Net: NetName=NetL1_1 Pin=P1-3
Removed Pin From Net: NetName=BOOT0 Pin=P4-1
Removed Pin From Net: NetName=3.3V Pin=P4-2
Removed Pin From Net: NetName=PA9_TX1 Pin=P4-3
Removed Pin From Net: NetName=PA10_RX1 Pin=P4-4
Removed Pin From Net: NetName=GND Pin=P4-5
Removed Pin From Net: NetName=NRST Pin=P4-6
Removed Pin From Net: NetName=GND Pin=P6-1
Removed Pin From Net: NetName=GND Pin=P6-2
Removed Pin From Net: NetName=12V Pin=P6-6
Removed Pin From Net: NetName=12V Pin=P6-7
Removed Pin From Net: NetName=GND Pin=P7-1
Removed Pin From Net: NetName=GND Pin=P7-2
Removed Pin From Net: NetName=12V Pin=P7-6
Removed Pin From Net: NetName=12V Pin=P7-7
Removed Pin From Net: NetName=GND Pin=U5-1
Removed Pin From Net: NetName=GND Pin=U5-4
Removed Pin From Net: NetName=GND Pin=U5-7
Removed Pin From Net: NetName=GND Pin=U5-10
Removed Pin From Net: NetName=GND Pin=U5-13
Removed Pin From Net: NetName=3.3V Pin=U5-14
Removed Pin From Net: NetName=3.3V Pin=U6-1
Removed Pin From Net: NetName=GND Pin=U6-10
Removed Pin From Net: NetName=GND Pin=U6-19
Removed Pin From Net: NetName=3.3V Pin=U6-20
Removed Member From Class: ClassName=NTP_Clock_stm32f107 Member=C28
Removed Member From Class: ClassName=NTP_Clock_stm32f107 Member=C29
Removed Member From Class: ClassName=NTP_Clock_stm32f107 Member=P5
Removed Member From Class: ClassName=NTP_Clock_stm32f107 Member=R30
Removed Member From Class: ClassName=NTP_Clock_stm32f107 Member=R31
Removed Member From Class: ClassName=NTP_Clock_stm32f107 Member=R32
Removed Member From Class: ClassName=NTP_Clock_stm32f107 Member=R33
Removed Member From Class: ClassName=NTP_Clock_stm32f107 Member=R34
Removed Member From Class: ClassName=NTP_Clock_stm32f107 Member=U5
Removed Member From Class: ClassName=NTP_Clock_stm32f107 Member=U6
Added Pin To Net: NetName=NetL1_1 Pin=P1-1
Added Pin To Net: NetName=NRST Pin=P4-1
Added Pin To Net: NetName=GND Pin=P4-2
Added Pin To Net: NetName=PA10_RX1 Pin=P4-3
Added Pin To Net: NetName=PA9_TX1 Pin=P4-4
Added Pin To Net: NetName=3.3V Pin=P4-5
Added Pin To Net: NetName=BOOT0 Pin=P4-6
Added Member To Class: ClassName=NTP_Clock_stm32f107 Member=Component P2 XH2.54-4P
Added Room: Name=NTP_Clock_stm32f107
